2021-04-09 15:48:32 INFO  co.com.swaglabs.stepdefinitions.Hooks[1]:23 - Opening website https://www.saucedemo.com/
2021-04-09 15:48:38 INFO  co.com.swaglabs.stepdefinitions.Hooks[1]:33 - Abrir el enlace https://www.saucedemo.com/
2021-04-09 15:48:48 INFO  co.com.swaglabs.stepdefinitions.Hooks[1]:44 - Se ingresa usuario
2021-04-09 15:48:51 INFO  co.com.swaglabs.stepdefinitions.Hooks[1]:47 - Se ingresa contraseña
2021-04-09 15:49:29 INFO  co.com.swaglabs.stepdefinitions.Hooks[1]:23 - Opening website https://www.saucedemo.com/
2021-04-09 15:50:06 INFO  co.com.swaglabs.stepdefinitions.Hooks[1]:23 - Opening website https://www.saucedemo.com/
2021-04-09 15:50:51 INFO  co.com.swaglabs.stepdefinitions.Hooks[1]:23 - Opening website https://www.saucedemo.com/
2021-04-09 16:03:01 INFO  co.com.swaglabs.stepdefinitions.Hooks[1]:23 - Opening website https://www.saucedemo.com/
2021-04-09 16:03:05 INFO  co.com.swaglabs.stepdefinitions.Hooks[1]:37 - Abrir el enlace https://www.saucedemo.com/
2021-04-09 16:03:17 INFO  co.com.swaglabs.stepdefinitions.Hooks[1]:50 - Se ingresa usuario
2021-04-09 16:03:19 INFO  co.com.swaglabs.stepdefinitions.Hooks[1]:53 - Se ingresa contraseña
2021-04-09 16:03:48 INFO  co.com.swaglabs.stepdefinitions.Hooks[1]:23 - Opening website https://www.saucedemo.com/
2021-04-09 16:04:09 INFO  co.com.swaglabs.stepdefinitions.Hooks[1]:23 - Opening website https://www.saucedemo.com/
2021-04-09 16:04:23 INFO  co.com.swaglabs.stepdefinitions.Hooks[1]:23 - Opening website https://www.saucedemo.com/
2021-04-09 16:54:33 INFO  co.com.swaglabs.stepdefinitions.Hooks[1]:23 - Opening website https://www.saucedemo.com/
2021-04-09 16:54:37 INFO  co.com.swaglabs.stepdefinitions.Hooks[1]:35 - Abrir el enlace https://www.saucedemo.com/
2021-04-09 16:54:45 INFO  co.com.swaglabs.stepdefinitions.Hooks[1]:48 - Se ingresa usuario
2021-04-09 16:54:45 INFO  co.com.swaglabs.stepdefinitions.Hooks[1]:51 - Se ingresa contraseña
2021-04-09 16:55:08 INFO  co.com.swaglabs.stepdefinitions.Hooks[1]:23 - Opening website https://www.saucedemo.com/
2021-04-09 16:55:11 INFO  co.com.swaglabs.stepdefinitions.Hooks[1]:35 - Abrir el enlace https://www.saucedemo.com/
2021-04-09 16:55:31 INFO  co.com.swaglabs.stepdefinitions.Hooks[1]:23 - Opening website https://www.saucedemo.com/
2021-04-09 16:55:33 INFO  co.com.swaglabs.stepdefinitions.Hooks[1]:35 - Abrir el enlace https://www.saucedemo.com/
2021-04-09 16:55:54 INFO  co.com.swaglabs.stepdefinitions.Hooks[1]:23 - Opening website https://www.saucedemo.com/
2021-04-09 17:00:12 INFO  co.com.swaglabs.stepdefinitions.Hooks[1]:23 - Opening website https://www.saucedemo.com/
2021-04-09 17:00:16 INFO  co.com.swaglabs.stepdefinitions.Hooks[1]:35 - Abrir el enlace https://www.saucedemo.com/
2021-04-09 17:00:23 INFO  co.com.swaglabs.stepdefinitions.Hooks[1]:48 - Se ingresa usuario
2021-04-09 17:00:23 INFO  co.com.swaglabs.stepdefinitions.Hooks[1]:51 - Se ingresa contraseña
2021-04-09 17:00:44 INFO  co.com.swaglabs.stepdefinitions.Hooks[1]:23 - Opening website https://www.saucedemo.com/
2021-04-09 17:00:47 INFO  co.com.swaglabs.stepdefinitions.Hooks[1]:35 - Abrir el enlace https://www.saucedemo.com/
2021-04-09 17:01:06 INFO  co.com.swaglabs.stepdefinitions.Hooks[1]:23 - Opening website https://www.saucedemo.com/
2021-04-09 17:01:08 INFO  co.com.swaglabs.stepdefinitions.Hooks[1]:35 - Abrir el enlace https://www.saucedemo.com/
2021-04-09 17:01:26 INFO  co.com.swaglabs.stepdefinitions.Hooks[1]:23 - Opening website https://www.saucedemo.com/
2021-04-09 17:01:30 INFO  co.com.swaglabs.stepdefinitions.Hooks[1]:35 - Abrir el enlace https://www.saucedemo.com/
2021-04-09 17:01:33 INFO  co.com.swaglabs.stepdefinitions.Hooks[1]:48 - Se ingresa usuario
2021-04-09 17:01:33 INFO  co.com.swaglabs.stepdefinitions.Hooks[1]:51 - Se ingresa contraseña
2021-04-09 17:25:31 INFO  co.com.swaglabs.stepdefinitions.Hooks[1]:23 - Opening website https://www.saucedemo.com/
2021-04-09 17:25:48 INFO  co.com.swaglabs.stepdefinitions.Hooks[1]:35 - Abrir el enlace https://www.saucedemo.com/
2021-04-09 17:25:56 INFO  co.com.swaglabs.stepdefinitions.Hooks[1]:48 - Se ingresa usuario
2021-04-09 17:25:57 INFO  co.com.swaglabs.stepdefinitions.Hooks[1]:51 - Se ingresa contraseña
2021-04-09 17:26:10 INFO  co.com.swaglabs.stepdefinitions.Hooks[1]:23 - Opening website https://www.saucedemo.com/
2021-04-09 17:26:14 INFO  co.com.swaglabs.stepdefinitions.Hooks[1]:35 - Abrir el enlace https://www.saucedemo.com/
2021-04-09 17:26:18 INFO  co.com.swaglabs.stepdefinitions.Hooks[1]:34 - Aggregate credentials user locked
2021-04-09 17:26:19 INFO  co.com.swaglabs.stepdefinitions.Hooks[1]:50 - Validate message user locked
2021-04-09 17:26:27 INFO  co.com.swaglabs.stepdefinitions.Hooks[1]:23 - Opening website https://www.saucedemo.com/
2021-04-09 17:26:30 INFO  co.com.swaglabs.stepdefinitions.Hooks[1]:35 - Abrir el enlace https://www.saucedemo.com/
2021-04-09 17:26:34 INFO  co.com.swaglabs.stepdefinitions.Hooks[1]:29 - Aggregate credentials user invalid
2021-04-09 17:26:35 INFO  co.com.swaglabs.stepdefinitions.Hooks[1]:44 - Validate message user invalid
2021-04-09 17:26:41 INFO  co.com.swaglabs.stepdefinitions.Hooks[1]:23 - Opening website https://www.saucedemo.com/
2021-04-09 17:26:43 INFO  co.com.swaglabs.stepdefinitions.Hooks[1]:35 - Abrir el enlace https://www.saucedemo.com/
2021-04-09 17:26:45 INFO  co.com.swaglabs.stepdefinitions.Hooks[1]:48 - Se ingresa usuario
2021-04-09 17:26:46 INFO  co.com.swaglabs.stepdefinitions.Hooks[1]:51 - Se ingresa contraseña
2021-04-09 17:26:52 INFO  co.com.swaglabs.stepdefinitions.Hooks[1]:47 - Aggregate products in the cart
2021-04-09 17:26:52 INFO  co.com.swaglabs.stepdefinitions.Hooks[1]:55 - Click in the button cart
2021-04-09 17:26:54 INFO  co.com.swaglabs.stepdefinitions.Hooks[1]:64 - Validate message page products
2021-04-09 17:48:57 INFO  co.com.swaglabs.stepdefinitions.Hooks[1]:23 - Opening website https://www.saucedemo.com/
2021-04-09 17:49:02 INFO  co.com.swaglabs.stepdefinitions.Hooks[1]:35 - Abrir el enlace https://www.saucedemo.com/
2021-04-09 17:49:10 INFO  co.com.swaglabs.stepdefinitions.Hooks[1]:48 - Aggregate user
2021-04-09 17:49:11 INFO  co.com.swaglabs.stepdefinitions.Hooks[1]:51 - Aggregate password
2021-04-09 17:49:14 INFO  co.com.swaglabs.stepdefinitions.Hooks[1]:80 - Validate page products
2021-04-09 17:49:29 INFO  co.com.swaglabs.stepdefinitions.Hooks[1]:23 - Opening website https://www.saucedemo.com/
2021-04-09 17:49:34 INFO  co.com.swaglabs.stepdefinitions.Hooks[1]:35 - Abrir el enlace https://www.saucedemo.com/
2021-04-09 17:49:37 INFO  co.com.swaglabs.stepdefinitions.Hooks[1]:34 - Aggregate credentials user locked
2021-04-09 17:49:39 INFO  co.com.swaglabs.stepdefinitions.Hooks[1]:50 - Validate message user locked
2021-04-09 17:49:54 INFO  co.com.swaglabs.stepdefinitions.Hooks[1]:23 - Opening website https://www.saucedemo.com/
2021-04-09 17:49:57 INFO  co.com.swaglabs.stepdefinitions.Hooks[1]:35 - Abrir el enlace https://www.saucedemo.com/
2021-04-09 17:50:02 INFO  co.com.swaglabs.stepdefinitions.Hooks[1]:29 - Aggregate credentials user invalid
2021-04-09 17:50:03 INFO  co.com.swaglabs.stepdefinitions.Hooks[1]:44 - Validate message user invalid
2021-04-09 17:50:16 INFO  co.com.swaglabs.stepdefinitions.Hooks[1]:23 - Opening website https://www.saucedemo.com/
2021-04-09 17:50:18 INFO  co.com.swaglabs.stepdefinitions.Hooks[1]:35 - Abrir el enlace https://www.saucedemo.com/
2021-04-09 17:50:20 INFO  co.com.swaglabs.stepdefinitions.Hooks[1]:48 - Aggregate user
2021-04-09 17:50:21 INFO  co.com.swaglabs.stepdefinitions.Hooks[1]:51 - Aggregate password
2021-04-09 17:50:27 INFO  co.com.swaglabs.stepdefinitions.Hooks[1]:47 - Aggregate products in the cart
2021-04-09 17:50:28 INFO  co.com.swaglabs.stepdefinitions.Hooks[1]:55 - Click in the button cart
2021-04-09 17:50:29 INFO  co.com.swaglabs.stepdefinitions.Hooks[1]:64 - Validate message page products
2021-04-09 18:25:54 INFO  co.com.swaglabs.stepdefinitions.Hooks[1]:23 - Opening website https://www.saucedemo.com/
2021-04-09 18:25:58 INFO  co.com.swaglabs.stepdefinitions.Hooks[1]:35 - Abrir el enlace https://www.saucedemo.com/
2021-04-09 18:26:09 INFO  co.com.swaglabs.stepdefinitions.Hooks[1]:48 - Aggregate user
2021-04-09 18:26:09 INFO  co.com.swaglabs.stepdefinitions.Hooks[1]:51 - Aggregate password
2021-04-09 18:26:13 INFO  co.com.swaglabs.stepdefinitions.Hooks[1]:80 - Validate page products
2021-04-09 18:26:29 INFO  co.com.swaglabs.stepdefinitions.Hooks[1]:23 - Opening website https://www.saucedemo.com/
2021-04-09 18:26:32 INFO  co.com.swaglabs.stepdefinitions.Hooks[1]:35 - Abrir el enlace https://www.saucedemo.com/
2021-04-09 18:26:34 INFO  co.com.swaglabs.stepdefinitions.Hooks[1]:34 - Aggregate credentials user locked
2021-04-09 18:26:36 INFO  co.com.swaglabs.stepdefinitions.Hooks[1]:50 - Validate message user locked
2021-04-09 18:26:50 INFO  co.com.swaglabs.stepdefinitions.Hooks[1]:23 - Opening website https://www.saucedemo.com/
2021-04-09 18:26:55 INFO  co.com.swaglabs.stepdefinitions.Hooks[1]:35 - Abrir el enlace https://www.saucedemo.com/
2021-04-09 18:27:01 INFO  co.com.swaglabs.stepdefinitions.Hooks[1]:29 - Aggregate credentials user invalid
2021-04-09 18:27:02 INFO  co.com.swaglabs.stepdefinitions.Hooks[1]:44 - Validate message user invalid
2021-04-09 18:27:14 INFO  co.com.swaglabs.stepdefinitions.Hooks[1]:23 - Opening website https://www.saucedemo.com/
2021-04-09 18:27:17 INFO  co.com.swaglabs.stepdefinitions.Hooks[1]:35 - Abrir el enlace https://www.saucedemo.com/
2021-04-09 18:27:20 INFO  co.com.swaglabs.stepdefinitions.Hooks[1]:30 - Aggregate credentials Empty
2021-04-09 18:27:23 INFO  co.com.swaglabs.stepdefinitions.Hooks[1]:46 - Validate message empty fields
2021-04-09 18:27:36 INFO  co.com.swaglabs.stepdefinitions.Hooks[1]:23 - Opening website https://www.saucedemo.com/
2021-04-09 18:27:39 INFO  co.com.swaglabs.stepdefinitions.Hooks[1]:35 - Abrir el enlace https://www.saucedemo.com/
2021-04-09 18:27:41 INFO  co.com.swaglabs.stepdefinitions.Hooks[1]:48 - Aggregate user
2021-04-09 18:27:42 INFO  co.com.swaglabs.stepdefinitions.Hooks[1]:51 - Aggregate password
2021-04-09 18:27:48 INFO  co.com.swaglabs.stepdefinitions.Hooks[1]:47 - Aggregate products in the cart
2021-04-09 18:27:49 INFO  co.com.swaglabs.stepdefinitions.Hooks[1]:47 - Aggregate products in the cart
2021-04-09 18:27:49 INFO  co.com.swaglabs.stepdefinitions.Hooks[1]:47 - Aggregate products in the cart
2021-04-09 18:27:49 INFO  co.com.swaglabs.stepdefinitions.Hooks[1]:47 - Aggregate products in the cart
2021-04-09 18:27:51 INFO  co.com.swaglabs.stepdefinitions.Hooks[1]:47 - Aggregate products in the cart
2021-04-09 18:27:51 INFO  co.com.swaglabs.stepdefinitions.Hooks[1]:47 - Aggregate products in the cart
2021-04-09 18:27:51 INFO  co.com.swaglabs.stepdefinitions.Hooks[1]:55 - Click in the button cart
2021-04-09 18:27:52 INFO  co.com.swaglabs.stepdefinitions.Hooks[1]:64 - Validate message page products
2021-04-09 18:39:04 INFO  co.com.swaglabs.stepdefinitions.Hooks[1]:23 - Opening website https://www.saucedemo.com/
2021-04-09 18:39:07 INFO  co.com.swaglabs.stepdefinitions.Hooks[1]:35 - Abrir el enlace https://www.saucedemo.com/
2021-04-09 18:39:15 INFO  co.com.swaglabs.stepdefinitions.Hooks[1]:48 - Aggregate user
2021-04-09 18:39:16 INFO  co.com.swaglabs.stepdefinitions.Hooks[1]:51 - Aggregate password
2021-04-09 18:39:19 INFO  co.com.swaglabs.stepdefinitions.Hooks[1]:80 - Validate page products
2021-04-09 18:39:32 INFO  co.com.swaglabs.stepdefinitions.Hooks[1]:23 - Opening website https://www.saucedemo.com/
2021-04-09 18:39:34 INFO  co.com.swaglabs.stepdefinitions.Hooks[1]:35 - Abrir el enlace https://www.saucedemo.com/
2021-04-09 18:39:36 INFO  co.com.swaglabs.stepdefinitions.Hooks[1]:34 - Aggregate credentials user locked
2021-04-09 18:39:38 INFO  co.com.swaglabs.stepdefinitions.Hooks[1]:50 - Validate message user locked
2021-04-09 18:39:53 INFO  co.com.swaglabs.stepdefinitions.Hooks[1]:23 - Opening website https://www.saucedemo.com/
2021-04-09 18:39:55 INFO  co.com.swaglabs.stepdefinitions.Hooks[1]:35 - Abrir el enlace https://www.saucedemo.com/
2021-04-09 18:39:59 INFO  co.com.swaglabs.stepdefinitions.Hooks[1]:29 - Aggregate credentials user invalid
2021-04-09 18:40:00 INFO  co.com.swaglabs.stepdefinitions.Hooks[1]:44 - Validate message user invalid
2021-04-09 18:40:14 INFO  co.com.swaglabs.stepdefinitions.Hooks[1]:23 - Opening website https://www.saucedemo.com/
2021-04-09 18:40:16 INFO  co.com.swaglabs.stepdefinitions.Hooks[1]:35 - Abrir el enlace https://www.saucedemo.com/
2021-04-09 18:40:19 INFO  co.com.swaglabs.stepdefinitions.Hooks[1]:30 - Aggregate credentials Empty
2021-04-09 18:40:20 INFO  co.com.swaglabs.stepdefinitions.Hooks[1]:46 - Validate message empty fields
2021-04-09 18:40:34 INFO  co.com.swaglabs.stepdefinitions.Hooks[1]:23 - Opening website https://www.saucedemo.com/
2021-04-09 18:40:36 INFO  co.com.swaglabs.stepdefinitions.Hooks[1]:35 - Abrir el enlace https://www.saucedemo.com/
2021-04-09 18:40:40 INFO  co.com.swaglabs.stepdefinitions.Hooks[1]:30 - Aggregate empty password field
2021-04-09 18:40:41 INFO  co.com.swaglabs.stepdefinitions.Hooks[1]:45 - Validate message empty password field
2021-04-09 18:40:56 INFO  co.com.swaglabs.stepdefinitions.Hooks[1]:23 - Opening website https://www.saucedemo.com/
2021-04-09 18:40:58 INFO  co.com.swaglabs.stepdefinitions.Hooks[1]:35 - Abrir el enlace https://www.saucedemo.com/
2021-04-09 18:41:00 INFO  co.com.swaglabs.stepdefinitions.Hooks[1]:48 - Aggregate user
2021-04-09 18:41:01 INFO  co.com.swaglabs.stepdefinitions.Hooks[1]:51 - Aggregate password
2021-04-09 18:41:07 INFO  co.com.swaglabs.stepdefinitions.Hooks[1]:47 - Aggregate products in the cart
2021-04-09 18:41:09 INFO  co.com.swaglabs.stepdefinitions.Hooks[1]:47 - Aggregate products in the cart
2021-04-09 18:41:09 INFO  co.com.swaglabs.stepdefinitions.Hooks[1]:47 - Aggregate products in the cart
2021-04-09 18:41:09 INFO  co.com.swaglabs.stepdefinitions.Hooks[1]:55 - Click in the button cart
2021-04-09 18:41:10 INFO  co.com.swaglabs.stepdefinitions.Hooks[1]:64 - Validate message page products
